{
  "RSpec": {
    "coverage": {
      "C:/Users/westd/src/GildedRose/gilded_rose.rb": [
        1,
        null,
        1,
        1,
        null,
        1,
        null,
        1,
        12,
        12,
        12,
        12,
        12,
        12,
        12,
        null,
        null,
        1,
        null,
        72,
        432,
        288,
        155,
        83,
        null,
        null,
        null,
        144,
        118,
        118,
        71,
        55,
        55,
        null,
        null,
        71,
        44,
        44,
        null,
        null,
        null,
        null,
        null,
        432,
        360,
        null,
        432,
        246,
        188,
        150,
        15,
        15,
        null,
        null,
        null,
        38,
        null,
        null,
        58,
        33,
        null,
        null,
        null,
        null,
        72,
        null,
        null,
        1,
        386,
        null,
        null,
        null
      ],
      "C:/Users/westd/src/GildedRose/item.rb": [
        1,
        null,
        1,
        null,
        1,
        75,
        75,
        75,
        null,
        null,
        null,
        null
      ],
      "C:/Users/westd/src/GildedRose/regular_item_specs.rb": [
        1,
        null,
        2,
        2,
        null,
        2,
        null,
        2,
        null,
        null,
        2,
        2,
        2,
        null,
        2,
        9,
        null,
        null,
        2,
        2,
        null,
        null,
        null,
        null,
        null
      ]
    },
    "timestamp": 1434386447
  }
}
